<?xml version="1.0" encoding="UTF-8"?>
<testsuites>
	<testsuite tests="145" failures="0" time="4.480" name="">
		<properties>
			<property name="go.version" value="go1.16.5"></property>
		</properties>
		<testcase classname="" name="TestPackage" time="2.260"></testcase>
		<testcase classname="" name="TestPackage/IsInstalledAndHealthy" time="0.000"></testcase>
		<testcase classname="" name="TestPackage/DeploysConformantCRDs" time="0.340"></testcase>
		<testcase classname="" name="TestPackage/DeploysConformantCRDs/VPCCIDRBlock" time="0.000"></testcase>
		<testcase classname="" name="TestPackage/DeploysConformantCRDs/RDSInstance" time="0.010"></testcase>
		<testcase classname="" name="TestPackage/DeploysConformantCRDs/RepositoryPolicy" time="0.000"></testcase>
		<testcase classname="" name="TestPackage/DeploysConformantCRDs/IAMGroup" time="0.000"></testcase>
		<testcase classname="" name="TestPackage/DeploysConformantCRDs/IAMAccessKey" time="0.000"></testcase>
		<testcase classname="" name="TestPackage/DeploysConformantCRDs/VPCLink" time="0.000"></testcase>
		<testcase classname="" name="TestPackage/DeploysConformantCRDs/IAMRole" time="0.000"></testcase>
		<testcase classname="" name="TestPackage/DeploysConformantCRDs/ProviderConfigUsage" time="0.000"></testcase>
		<testcase classname="" name="TestPackage/DeploysConformantCRDs/Activity" time="0.000"></testcase>
		<testcase classname="" name="TestPackage/DeploysConformantCRDs/RouteResponse" time="0.000"></testcase>
		<testcase classname="" name="TestPackage/DeploysConformantCRDs/IAMRolePolicyAttachment" time="0.000"></testcase>
		<testcase classname="" name="TestPackage/DeploysConformantCRDs/CertificateAuthority" time="0.000"></testcase>
		<testcase classname="" name="TestPackage/DeploysConformantCRDs/InternetGateway" time="0.000"></testcase>
		<testcase classname="" name="TestPackage/DeploysConformantCRDs/Route" time="0.000"></testcase>
		<testcase classname="" name="TestPackage/DeploysConformantCRDs/IAMUserPolicyAttachment" time="0.000"></testcase>
		<testcase classname="" name="TestPackage/DeploysConformantCRDs/ResourceRecordSet" time="0.000"></testcase>
		<testcase classname="" name="TestPackage/DeploysConformantCRDs/Authorizer" time="0.000"></testcase>
		<testcase classname="" name="TestPackage/DeploysConformantCRDs/Backup" time="0.000"></testcase>
		<testcase classname="" name="TestPackage/DeploysConformantCRDs/FargateProfile" time="0.000"></testcase>
		<testcase classname="" name="TestPackage/DeploysConformantCRDs/DBCluster" time="0.000"></testcase>
		<testcase classname="" name="TestPackage/DeploysConformantCRDs/NodeGroup" time="0.000"></testcase>
		<testcase classname="" name="TestPackage/DeploysConformantCRDs/NATGateway" time="0.000"></testcase>
		<testcase classname="" name="TestPackage/DeploysConformantCRDs/Distribution" time="0.000"></testcase>
		<testcase classname="" name="TestPackage/DeploysConformantCRDs/Integration" time="0.000"></testcase>
		<testcase classname="" name="TestPackage/DeploysConformantCRDs/DBParameterGroup" time="0.000"></testcase>
		<testcase classname="" name="TestPackage/DeploysConformantCRDs/GlobalTable" time="0.000"></testcase>
		<testcase classname="" name="TestPackage/DeploysConformantCRDs/ProviderConfig" time="0.000"></testcase>
		<testcase classname="" name="TestPackage/DeploysConformantCRDs/PublicDNSNamespace" time="0.000"></testcase>
		<testcase classname="" name="TestPackage/DeploysConformantCRDs/OpenIDConnectProvider" time="0.000"></testcase>
		<testcase classname="" name="TestPackage/DeploysConformantCRDs/SecurityGroup" time="0.000"></testcase>
		<testcase classname="" name="TestPackage/DeploysConformantCRDs/Cluster" time="0.000"></testcase>
		<testcase classname="" name="TestPackage/DeploysConformantCRDs/Model" time="0.000"></testcase>
		<testcase classname="" name="TestPackage/DeploysConformantCRDs/IAMPolicy" time="0.000"></testcase>
		<testcase classname="" name="TestPackage/DeploysConformantCRDs/Subnet" time="0.000"></testcase>
		<testcase classname="" name="TestPackage/DeploysConformantCRDs/CacheSubnetGroup" time="0.000"></testcase>
		<testcase classname="" name="TestPackage/DeploysConformantCRDs/Table" time="0.000"></testcase>
		<testcase classname="" name="TestPackage/DeploysConformantCRDs/IAMGroupPolicyAttachment" time="0.000"></testcase>
		<testcase classname="" name="TestPackage/DeploysConformantCRDs/API" time="0.000"></testcase>
		<testcase classname="" name="TestPackage/DeploysConformantCRDs/VPC" time="0.000"></testcase>
		<testcase classname="" name="TestPackage/DeploysConformantCRDs/Deployment" time="0.000"></testcase>
		<testcase classname="" name="TestPackage/DeploysConformantCRDs/IAMUser" time="0.000"></testcase>
		<testcase classname="" name="TestPackage/DeploysConformantCRDs/CacheCluster" time="0.000"></testcase>
		<testcase classname="" name="TestPackage/DeploysConformantCRDs/GlobalCluster" time="0.000"></testcase>
		<testcase classname="" name="TestPackage/DeploysConformantCRDs/PrivateDNSNamespace" time="0.000"></testcase>
		<testcase classname="" name="TestPackage/DeploysConformantCRDs/Stage" time="0.000"></testcase>
		<testcase classname="" name="TestPackage/DeploysConformantCRDs/Address" time="0.000"></testcase>
		<testcase classname="" name="TestPackage/DeploysConformantCRDs/HTTPNamespace" time="0.000"></testcase>
		<testcase classname="" name="TestPackage/DeploysConformantCRDs/Function" time="0.000"></testcase>
		<testcase classname="" name="TestPackage/DeploysConformantCRDs/Secret" time="0.000"></testcase>
		<testcase classname="" name="TestPackage/DeploysConformantCRDs/DBSubnetGroup" time="0.000"></testcase>
		<testcase classname="" name="TestPackage/DeploysConformantCRDs/IntegrationResponse" time="0.000"></testcase>
		<testcase classname="" name="TestPackage/DeploysConformantCRDs/IAMGroupUserMembership" time="0.000"></testcase>
		<testcase classname="" name="TestPackage/DeploysConformantCRDs/Bucket" time="0.000"></testcase>
		<testcase classname="" name="TestPackage/DeploysConformantCRDs/Repository" time="0.000"></testcase>
		<testcase classname="" name="TestPackage/DeploysConformantCRDs/SNSTopic" time="0.000"></testcase>
		<testcase classname="" name="TestPackage/DeploysConformantCRDs/ELB" time="0.000"></testcase>
		<testcase classname="" name="TestPackage/DeploysConformantCRDs/HostedZone" time="0.000"></testcase>
		<testcase classname="" name="TestPackage/DeploysConformantCRDs/ELBAttachment" time="0.000"></testcase>
		<testcase classname="" name="TestPackage/DeploysConformantCRDs/SNSSubscription" time="0.000"></testcase>
		<testcase classname="" name="TestPackage/DeploysConformantCRDs/APIMapping" time="0.000"></testcase>
		<testcase classname="" name="TestPackage/DeploysConformantCRDs/RouteTable" time="0.000"></testcase>
		<testcase classname="" name="TestPackage/DeploysConformantCRDs/FileSystem" time="0.000"></testcase>
		<testcase classname="" name="TestPackage/DeploysConformantCRDs/BucketPolicy" time="0.000"></testcase>
		<testcase classname="" name="TestPackage/DeploysConformantCRDs/Cluster#01" time="0.000"></testcase>
		<testcase classname="" name="TestPackage/DeploysConformantCRDs/Queue" time="0.000"></testcase>
		<testcase classname="" name="TestPackage/DeploysConformantCRDs/Certificate" time="0.000"></testcase>
		<testcase classname="" name="TestPackage/DeploysConformantCRDs/Key" time="0.000"></testcase>
		<testcase classname="" name="TestPackage/DeploysConformantCRDs/CertificateAuthorityPermission" time="0.000"></testcase>
		<testcase classname="" name="TestPackage/DeploysConformantCRDs/StateMachine" time="0.000"></testcase>
		<testcase classname="" name="TestPackage/DeploysConformantCRDs/DomainName" time="0.000"></testcase>
		<testcase classname="" name="TestPackage/DeploysConformantCRDs/ReplicationGroup" time="0.000"></testcase>
		<testcase classname="" name="TestPackage/ManagedResourcesAppearConformant" time="1.870"></testcase>
		<testcase classname="" name="TestPackage/ManagedResourcesAppearConformant/VPCCIDRBlock" time="0.000"></testcase>
		<testcase classname="" name="TestPackage/ManagedResourcesAppearConformant/RDSInstance" time="0.000"></testcase>
		<testcase classname="" name="TestPackage/ManagedResourcesAppearConformant/RepositoryPolicy" time="0.000"></testcase>
		<testcase classname="" name="TestPackage/ManagedResourcesAppearConformant/IAMGroup" time="0.000"></testcase>
		<testcase classname="" name="TestPackage/ManagedResourcesAppearConformant/IAMAccessKey" time="0.000"></testcase>
		<testcase classname="" name="TestPackage/ManagedResourcesAppearConformant/VPCLink" time="0.000"></testcase>
		<testcase classname="" name="TestPackage/ManagedResourcesAppearConformant/IAMRole" time="0.000"></testcase>
		<testcase classname="" name="TestPackage/ManagedResourcesAppearConformant/Activity" time="0.000"></testcase>
		<testcase classname="" name="TestPackage/ManagedResourcesAppearConformant/RouteResponse" time="0.000"></testcase>
		<testcase classname="" name="TestPackage/ManagedResourcesAppearConformant/IAMRolePolicyAttachment" time="0.000"></testcase>
		<testcase classname="" name="TestPackage/ManagedResourcesAppearConformant/CertificateAuthority" time="0.000"></testcase>
		<testcase classname="" name="TestPackage/ManagedResourcesAppearConformant/InternetGateway" time="0.000"></testcase>
		<testcase classname="" name="TestPackage/ManagedResourcesAppearConformant/Route" time="0.000"></testcase>
		<testcase classname="" name="TestPackage/ManagedResourcesAppearConformant/IAMUserPolicyAttachment" time="0.000"></testcase>
		<testcase classname="" name="TestPackage/ManagedResourcesAppearConformant/ResourceRecordSet" time="0.000"></testcase>
		<testcase classname="" name="TestPackage/ManagedResourcesAppearConformant/Authorizer" time="0.000"></testcase>
		<testcase classname="" name="TestPackage/ManagedResourcesAppearConformant/Backup" time="0.000"></testcase>
		<testcase classname="" name="TestPackage/ManagedResourcesAppearConformant/FargateProfile" time="0.000"></testcase>
		<testcase classname="" name="TestPackage/ManagedResourcesAppearConformant/DBCluster" time="0.000"></testcase>
		<testcase classname="" name="TestPackage/ManagedResourcesAppearConformant/NodeGroup" time="0.000"></testcase>
		<testcase classname="" name="TestPackage/ManagedResourcesAppearConformant/NATGateway" time="0.000"></testcase>
		<testcase classname="" name="TestPackage/ManagedResourcesAppearConformant/Distribution" time="0.000"></testcase>
		<testcase classname="" name="TestPackage/ManagedResourcesAppearConformant/Integration" time="0.000"></testcase>
		<testcase classname="" name="TestPackage/ManagedResourcesAppearConformant/DBParameterGroup" time="0.000"></testcase>
		<testcase classname="" name="TestPackage/ManagedResourcesAppearConformant/GlobalTable" time="0.000"></testcase>
		<testcase classname="" name="TestPackage/ManagedResourcesAppearConformant/PublicDNSNamespace" time="0.000"></testcase>
		<testcase classname="" name="TestPackage/ManagedResourcesAppearConformant/OpenIDConnectProvider" time="0.000"></testcase>
		<testcase classname="" name="TestPackage/ManagedResourcesAppearConformant/SecurityGroup" time="0.000"></testcase>
		<testcase classname="" name="TestPackage/ManagedResourcesAppearConformant/Cluster" time="0.000"></testcase>
		<testcase classname="" name="TestPackage/ManagedResourcesAppearConformant/Model" time="0.000"></testcase>
		<testcase classname="" name="TestPackage/ManagedResourcesAppearConformant/IAMPolicy" time="0.000"></testcase>
		<testcase classname="" name="TestPackage/ManagedResourcesAppearConformant/Subnet" time="0.000"></testcase>
		<testcase classname="" name="TestPackage/ManagedResourcesAppearConformant/CacheSubnetGroup" time="0.000"></testcase>
		<testcase classname="" name="TestPackage/ManagedResourcesAppearConformant/Table" time="0.000"></testcase>
		<testcase classname="" name="TestPackage/ManagedResourcesAppearConformant/IAMGroupPolicyAttachment" time="0.000"></testcase>
		<testcase classname="" name="TestPackage/ManagedResourcesAppearConformant/API" time="0.000"></testcase>
		<testcase classname="" name="TestPackage/ManagedResourcesAppearConformant/VPC" time="0.000"></testcase>
		<testcase classname="" name="TestPackage/ManagedResourcesAppearConformant/Deployment" time="0.000"></testcase>
		<testcase classname="" name="TestPackage/ManagedResourcesAppearConformant/IAMUser" time="0.000"></testcase>
		<testcase classname="" name="TestPackage/ManagedResourcesAppearConformant/CacheCluster" time="0.000"></testcase>
		<testcase classname="" name="TestPackage/ManagedResourcesAppearConformant/GlobalCluster" time="0.000"></testcase>
		<testcase classname="" name="TestPackage/ManagedResourcesAppearConformant/PrivateDNSNamespace" time="0.000"></testcase>
		<testcase classname="" name="TestPackage/ManagedResourcesAppearConformant/Stage" time="0.000"></testcase>
		<testcase classname="" name="TestPackage/ManagedResourcesAppearConformant/Address" time="0.000"></testcase>
		<testcase classname="" name="TestPackage/ManagedResourcesAppearConformant/HTTPNamespace" time="0.000"></testcase>
		<testcase classname="" name="TestPackage/ManagedResourcesAppearConformant/Function" time="0.000"></testcase>
		<testcase classname="" name="TestPackage/ManagedResourcesAppearConformant/Secret" time="0.000"></testcase>
		<testcase classname="" name="TestPackage/ManagedResourcesAppearConformant/DBSubnetGroup" time="0.000"></testcase>
		<testcase classname="" name="TestPackage/ManagedResourcesAppearConformant/IntegrationResponse" time="0.000"></testcase>
		<testcase classname="" name="TestPackage/ManagedResourcesAppearConformant/IAMGroupUserMembership" time="0.000"></testcase>
		<testcase classname="" name="TestPackage/ManagedResourcesAppearConformant/Bucket" time="0.000"></testcase>
		<testcase classname="" name="TestPackage/ManagedResourcesAppearConformant/Repository" time="0.000"></testcase>
		<testcase classname="" name="TestPackage/ManagedResourcesAppearConformant/SNSTopic" time="0.000"></testcase>
		<testcase classname="" name="TestPackage/ManagedResourcesAppearConformant/ELB" time="0.000"></testcase>
		<testcase classname="" name="TestPackage/ManagedResourcesAppearConformant/HostedZone" time="0.000"></testcase>
		<testcase classname="" name="TestPackage/ManagedResourcesAppearConformant/ELBAttachment" time="0.000"></testcase>
		<testcase classname="" name="TestPackage/ManagedResourcesAppearConformant/SNSSubscription" time="0.000"></testcase>
		<testcase classname="" name="TestPackage/ManagedResourcesAppearConformant/APIMapping" time="0.000"></testcase>
		<testcase classname="" name="TestPackage/ManagedResourcesAppearConformant/RouteTable" time="0.000"></testcase>
		<testcase classname="" name="TestPackage/ManagedResourcesAppearConformant/FileSystem" time="0.000"></testcase>
		<testcase classname="" name="TestPackage/ManagedResourcesAppearConformant/BucketPolicy" time="0.000"></testcase>
		<testcase classname="" name="TestPackage/ManagedResourcesAppearConformant/Cluster#01" time="0.000"></testcase>
		<testcase classname="" name="TestPackage/ManagedResourcesAppearConformant/Queue" time="0.000"></testcase>
		<testcase classname="" name="TestPackage/ManagedResourcesAppearConformant/Certificate" time="0.000"></testcase>
		<testcase classname="" name="TestPackage/ManagedResourcesAppearConformant/Key" time="0.000"></testcase>
		<testcase classname="" name="TestPackage/ManagedResourcesAppearConformant/CertificateAuthorityPermission" time="0.000"></testcase>
		<testcase classname="" name="TestPackage/ManagedResourcesAppearConformant/StateMachine" time="0.000"></testcase>
		<testcase classname="" name="TestPackage/ManagedResourcesAppearConformant/DomainName" time="0.000"></testcase>
		<testcase classname="" name="TestPackage/ManagedResourcesAppearConformant/ReplicationGroup" time="0.000"></testcase>
		<testcase classname="" name="TestVersion" time="0.000"></testcase>
	</testsuite>
</testsuites>
